# JRE version: OpenJDK Runtime Environment (11.0.8+10) (build 11.0.8+10-b944.6842174)
# Java VM: OpenJDK 64-Bit Server VM (11.0.8+10-b944.6842174, mixed mode, tiered, compressed oops, g1 gc, windows-amd64)
Heap:
 garbage-first heap   total 260096K, used 146834K [0x0000000080000000, 0x0000000100000000)
  region size 1024K, 106 young (108544K), 12 survivors (12288K)
 Metaspace       used 50456K, capacity 51990K, committed 52224K, reserved 1095680K
  class space    used 6416K, capacity 6865K, committed 6912K, reserved 1048576K
GC Heap History (10 events):
Event: 0.670 GC heap before
{Heap before GC invocations=0 (full 0):
 garbage-first heap   total 260096K, used 29696K [0x0000000080000000, 0x0000000100000000)
  region size 1024K, 24 young (24576K), 0 survivors (0K)
 Metaspace       used 10242K, capacity 10417K, committed 10624K, reserved 1058816K
  class space    used 1072K, capacity 1131K, committed 1152K, reserved 1048576K
}
Event: 0.673 GC heap after
{Heap after GC invocations=1 (full 0):
 garbage-first heap   total 260096K, used 8509K [0x0000000080000000, 0x0000000100000000)
  region size 1024K, 3 young (3072K), 3 survivors (3072K)
 Metaspace       used 10242K, capacity 10417K, committed 10624K, reserved 1058816K
  class space    used 1072K, capacity 1131K, committed 1152K, reserved 1048576K
}
Event: 2.321 GC heap before
{Heap before GC invocations=1 (full 0):
 garbage-first heap   total 260096K, used 98621K [0x0000000080000000, 0x0000000100000000)
  region size 1024K, 93 young (95232K), 3 survivors (3072K)
 Metaspace       used 20573K, capacity 21078K, committed 21248K, reserved 1067008K
  class space    used 2519K, capacity 2691K, committed 2816K, reserved 1048576K
}
Event: 2.329 GC heap after
{Heap after GC invocations=2 (full 0):
 garbage-first heap   total 260096K, used 16173K [0x0000000080000000, 0x0000000100000000)
  region size 1024K, 11 young (11264K), 11 survivors (11264K)
 Metaspace       used 20573K, capacity 21078K, committed 21248K, reserved 1067008K
  class space    used 2519K, capacity 2691K, committed 2816K, reserved 1048576K
}
Event: 3.185 GC heap before
{Heap before GC invocations=3 (full 0):
 garbage-first heap   total 260096K, used 90925K [0x0000000080000000, 0x0000000100000000)
  region size 1024K, 76 young (77824K), 11 survivors (11264K)
 Metaspace       used 27098K, capacity 27869K, committed 27904K, reserved 1073152K
  class space    used 3564K, capacity 3825K, committed 3840K, reserved 1048576K
}
Event: 3.192 GC heap after
{Heap after GC invocations=4 (full 0):
 garbage-first heap   total 260096K, used 30980K [0x0000000080000000, 0x0000000100000000)
  region size 1024K, 6 young (6144K), 6 survivors (6144K)
 Metaspace       used 27098K, capacity 27869K, committed 27904K, reserved 1073152K
  class space    used 3564K, capacity 3825K, committed 3840K, reserved 1048576K
}
Event: 3.829 GC heap before
{Heap before GC invocations=4 (full 0):
 garbage-first heap   total 260096K, used 71940K [0x0000000080000000, 0x0000000100000000)
  region size 1024K, 48 young (49152K), 6 survivors (6144K)
 Metaspace       used 35037K, capacity 35799K, committed 35840K, reserved 1081344K
  class space    used 4544K, capacity 4830K, committed 4864K, reserved 1048576K
}
Event: 3.837 GC heap after
{Heap after GC invocations=5 (full 0):
 garbage-first heap   total 260096K, used 33645K [0x0000000080000000, 0x0000000100000000)
  region size 1024K, 9 young (9216K), 9 survivors (9216K)
 Metaspace       used 35037K, capacity 35799K, committed 35840K, reserved 1081344K
  class space    used 4544K, capacity 4830K, committed 4864K, reserved 1048576K
}
Event: 5.323 GC heap before
{Heap before GC invocations=6 (full 0):
 garbage-first heap   total 260096K, used 146285K [0x0000000080000000, 0x0000000100000000)
  region size 1024K, 109 young (111616K), 9 survivors (9216K)
 Metaspace       used 44340K, capacity 45512K, committed 45824K, reserved 1089536K
  class space    used 5683K, capacity 6079K, committed 6144K, reserved 1048576K
}
Event: 5.333 GC heap after
{Heap after GC invocations=7 (full 0):
 garbage-first heap   total 260096K, used 49554K [0x0000000080000000, 0x0000000100000000)
  region size 1024K, 12 young (12288K), 12 survivors (12288K)
 Metaspace       used 44340K, capacity 45512K, committed 45824K, reserved 1089536K
  class space    used 5683K, capacity 6079K, committed 6144K, reserved 1048576K
}

