# JRE version: OpenJDK Runtime Environment (11.0.8+10) (build 11.0.8+10-b944.6842174)
# Java VM: OpenJDK 64-Bit Server VM (11.0.8+10-b944.6842174, mixed mode, tiered, compressed oops, g1 gc, windows-amd64)
Heap:
 garbage-first heap   total 260096K, used 115301K [0x0000000080000000, 0x0000000100000000)
  region size 1024K, 81 young (82944K), 11 survivors (11264K)
 Metaspace       used 41981K, capacity 43043K, committed 43136K, reserved 1087488K
  class space    used 5299K, capacity 5667K, committed 5760K, reserved 1048576K
GC Heap History (12 events):
Event: 0.702 GC heap before
{Heap before GC invocations=0 (full 0):
 garbage-first heap   total 260096K, used 29696K [0x0000000080000000, 0x0000000100000000)
  region size 1024K, 24 young (24576K), 0 survivors (0K)
 Metaspace       used 10240K, capacity 10417K, committed 10624K, reserved 1058816K
  class space    used 1072K, capacity 1131K, committed 1152K, reserved 1048576K
}
Event: 0.710 GC heap after
{Heap after GC invocations=1 (full 0):
 garbage-first heap   total 260096K, used 8984K [0x0000000080000000, 0x0000000100000000)
  region size 1024K, 3 young (3072K), 3 survivors (3072K)
 Metaspace       used 10240K, capacity 10417K, committed 10624K, reserved 1058816K
  class space    used 1072K, capacity 1131K, committed 1152K, reserved 1048576K
}
Event: 1.001 GC heap before
{Heap before GC invocations=1 (full 0):
 garbage-first heap   total 260096K, used 47896K [0x0000000080000000, 0x0000000100000000)
  region size 1024K, 41 young (41984K), 3 survivors (3072K)
 Metaspace       used 11061K, capacity 11326K, committed 11520K, reserved 1058816K
  class space    used 1160K, capacity 1243K, committed 1280K, reserved 1048576K
}
Event: 1.004 GC heap after
{Heap after GC invocations=2 (full 0):
 garbage-first heap   total 260096K, used 13651K [0x0000000080000000, 0x0000000100000000)
  region size 1024K, 6 young (6144K), 6 survivors (6144K)
 Metaspace       used 11061K, capacity 11326K, committed 11520K, reserved 1058816K
  class space    used 1160K, capacity 1243K, committed 1280K, reserved 1048576K
}
Event: 2.263 GC heap before
{Heap before GC invocations=2 (full 0):
 garbage-first heap   total 260096K, used 60755K [0x0000000080000000, 0x0000000100000000)
  region size 1024K, 52 young (53248K), 6 survivors (6144K)
 Metaspace       used 19625K, capacity 20069K, committed 20224K, reserved 1067008K
  class space    used 2396K, capacity 2542K, committed 2560K, reserved 1048576K
}
Event: 2.296 GC heap after
{Heap after GC invocations=3 (full 0):
 garbage-first heap   total 260096K, used 16752K [0x0000000080000000, 0x0000000100000000)
  region size 1024K, 6 young (6144K), 6 survivors (6144K)
 Metaspace       used 19625K, capacity 20069K, committed 20224K, reserved 1067008K
  class space    used 2396K, capacity 2542K, committed 2560K, reserved 1048576K
}
Event: 2.373 GC heap before
{Heap before GC invocations=3 (full 0):
 garbage-first heap   total 260096K, used 21872K [0x0000000080000000, 0x0000000100000000)
  region size 1024K, 12 young (12288K), 6 survivors (6144K)
 Metaspace       used 20627K, capacity 21110K, committed 21248K, reserved 1067008K
  class space    used 2535K, capacity 2723K, committed 2816K, reserved 1048576K
}
Event: 2.377 GC heap after
{Heap after GC invocations=4 (full 0):
 garbage-first heap   total 260096K, used 17296K [0x0000000080000000, 0x0000000100000000)
  region size 1024K, 4 young (4096K), 4 survivors (4096K)
 Metaspace       used 20627K, capacity 21110K, committed 21248K, reserved 1067008K
  class space    used 2535K, capacity 2723K, committed 2816K, reserved 1048576K
}
Event: 3.189 GC heap before
{Heap before GC invocations=5 (full 0):
 garbage-first heap   total 260096K, used 91024K [0x0000000080000000, 0x0000000100000000)
  region size 1024K, 67 young (68608K), 4 survivors (4096K)
 Metaspace       used 26973K, capacity 27741K, committed 27904K, reserved 1073152K
  class space    used 3546K, capacity 3825K, committed 3840K, reserved 1048576K
}
Event: 3.195 GC heap after
{Heap after GC invocations=6 (full 0):
 garbage-first heap   total 260096K, used 31137K [0x0000000080000000, 0x0000000100000000)
  region size 1024K, 8 young (8192K), 8 survivors (8192K)
 Metaspace       used 26973K, capacity 27741K, committed 27904K, reserved 1073152K
  class space    used 3546K, capacity 3825K, committed 3840K, reserved 1048576K
}
Event: 3.937 GC heap before
{Heap before GC invocations=6 (full 0):
 garbage-first heap   total 260096K, used 76193K [0x0000000080000000, 0x0000000100000000)
  region size 1024K, 53 young (54272K), 8 survivors (8192K)
 Metaspace       used 35043K, capacity 35799K, committed 35840K, reserved 1081344K
  class space    used 4547K, capacity 4830K, committed 4864K, reserved 1048576K
}
Event: 3.947 GC heap after
{Heap after GC invocations=7 (full 0):
 garbage-first heap   total 260096K, used 34405K [0x0000000080000000, 0x0000000100000000)
  region size 1024K, 11 young (11264K), 11 survivors (11264K)
 Metaspace       used 35043K, capacity 35799K, committed 35840K, reserved 1081344K
  class space    used 4547K, capacity 4830K, committed 4864K, reserved 1048576K
}

