# JRE version: OpenJDK Runtime Environment (11.0.8+10) (build 11.0.8+10-b944.6842174)
# Java VM: OpenJDK 64-Bit Server VM (11.0.8+10-b944.6842174, mixed mode, tiered, compressed oops, g1 gc, windows-amd64)
Heap:
 garbage-first heap   total 398336K, used 178910K [0x0000000080000000, 0x0000000100000000)
  region size 1024K, 37 young (37888K), 15 survivors (15360K)
 Metaspace       used 134578K, capacity 138926K, committed 139264K, reserved 1171456K
  class space    used 16617K, capacity 18087K, committed 18176K, reserved 1048576K
GC Heap History (20 events):
Event: 238.561 GC heap before
{Heap before GC invocations=29 (full 0):
 garbage-first heap   total 398336K, used 296320K [0x0000000080000000, 0x0000000100000000)
  region size 1024K, 123 young (125952K), 2 survivors (2048K)
 Metaspace       used 100698K, capacity 103271K, committed 103552K, reserved 1138688K
  class space    used 12704K, capacity 13608K, committed 13696K, reserved 1048576K
}
Event: 238.570 GC heap after
{Heap after GC invocations=30 (full 0):
 garbage-first heap   total 398336K, used 158352K [0x0000000080000000, 0x0000000100000000)
  region size 1024K, 10 young (10240K), 10 survivors (10240K)
 Metaspace       used 100698K, capacity 103271K, committed 103552K, reserved 1138688K
  class space    used 12704K, capacity 13608K, committed 13696K, reserved 1048576K
}
Event: 297.231 GC heap before
{Heap before GC invocations=30 (full 0):
 garbage-first heap   total 398336K, used 298640K [0x0000000080000000, 0x0000000100000000)
  region size 1024K, 132 young (135168K), 10 survivors (10240K)
 Metaspace       used 108144K, capacity 111226K, committed 111488K, reserved 1146880K
  class space    used 13623K, capacity 14652K, committed 14720K, reserved 1048576K
}
Event: 297.241 GC heap after
{Heap after GC invocations=31 (full 0):
 garbage-first heap   total 398336K, used 186307K [0x0000000080000000, 0x0000000100000000)
  region size 1024K, 17 young (17408K), 17 survivors (17408K)
 Metaspace       used 108144K, capacity 111226K, committed 111488K, reserved 1146880K
  class space    used 13623K, capacity 14652K, committed 14720K, reserved 1048576K
}
Event: 298.432 GC heap before
{Heap before GC invocations=31 (full 0):
 garbage-first heap   total 398336K, used 300995K [0x0000000080000000, 0x0000000100000000)
  region size 1024K, 129 young (132096K), 17 survivors (17408K)
 Metaspace       used 115373K, capacity 118443K, committed 118784K, reserved 1153024K
  class space    used 14488K, capacity 15523K, committed 15616K, reserved 1048576K
}
Event: 298.445 GC heap after
{Heap after GC invocations=32 (full 0):
 garbage-first heap   total 398336K, used 194591K [0x0000000080000000, 0x0000000100000000)
  region size 1024K, 9 young (9216K), 9 survivors (9216K)
 Metaspace       used 115373K, capacity 118443K, committed 118784K, reserved 1153024K
  class space    used 14488K, capacity 15523K, committed 15616K, reserved 1048576K
}
Event: 298.842 GC heap before
{Heap before GC invocations=32 (full 0):
 garbage-first heap   total 398336K, used 249887K [0x0000000080000000, 0x0000000100000000)
  region size 1024K, 65 young (66560K), 9 survivors (9216K)
 Metaspace       used 116914K, capacity 120203K, committed 120320K, reserved 1153024K
  class space    used 14694K, capacity 15826K, committed 15872K, reserved 1048576K
}
Event: 298.851 GC heap after
{Heap after GC invocations=33 (full 0):
 garbage-first heap   total 398336K, used 197805K [0x0000000080000000, 0x0000000100000000)
  region size 1024K, 12 young (12288K), 12 survivors (12288K)
 Metaspace       used 116914K, capacity 120203K, committed 120320K, reserved 1153024K
  class space    used 14694K, capacity 15826K, committed 15872K, reserved 1048576K
}
Event: 385.754 GC heap before
{Heap before GC invocations=34 (full 0):
 garbage-first heap   total 398336K, used 277677K [0x0000000080000000, 0x0000000100000000)
  region size 1024K, 126 young (129024K), 12 survivors (12288K)
 Metaspace       used 120897K, capacity 124540K, committed 124672K, reserved 1157120K
  class space    used 15065K, capacity 16329K, committed 16384K, reserved 1048576K
}
Event: 385.770 GC heap after
{Heap after GC invocations=35 (full 0):
 garbage-first heap   total 398336K, used 169048K [0x0000000080000000, 0x0000000100000000)
  region size 1024K, 13 young (13312K), 13 survivors (13312K)
 Metaspace       used 120897K, capacity 124540K, committed 124672K, reserved 1157120K
  class space    used 15065K, capacity 16329K, committed 16384K, reserved 1048576K
}
Event: 385.795 GC heap before
{Heap before GC invocations=35 (full 0):
 garbage-first heap   total 398336K, used 174168K [0x0000000080000000, 0x0000000100000000)
  region size 1024K, 19 young (19456K), 13 survivors (13312K)
 Metaspace       used 120916K, capacity 124540K, committed 124672K, reserved 1157120K
  class space    used 15065K, capacity 16329K, committed 16384K, reserved 1048576K
}
Event: 385.808 GC heap after
{Heap after GC invocations=36 (full 0):
 garbage-first heap   total 398336K, used 131357K [0x0000000080000000, 0x0000000100000000)
  region size 1024K, 2 young (2048K), 2 survivors (2048K)
 Metaspace       used 120916K, capacity 124540K, committed 124672K, reserved 1157120K
  class space    used 15065K, capacity 16329K, committed 16384K, reserved 1048576K
}
Event: 385.925 GC heap before
{Heap before GC invocations=36 (full 0):
 garbage-first heap   total 398336K, used 147741K [0x0000000080000000, 0x0000000100000000)
  region size 1024K, 19 young (19456K), 2 survivors (2048K)
 Metaspace       used 121014K, capacity 124670K, committed 124928K, reserved 1157120K
  class space    used 15065K, capacity 16329K, committed 16384K, reserved 1048576K
}
Event: 385.931 GC heap after
{Heap after GC invocations=37 (full 0):
 garbage-first heap   total 398336K, used 131023K [0x0000000080000000, 0x0000000100000000)
  region size 1024K, 2 young (2048K), 2 survivors (2048K)
 Metaspace       used 121014K, capacity 124670K, committed 124928K, reserved 1157120K
  class space    used 15065K, capacity 16329K, committed 16384K, reserved 1048576K
}
Event: 1246.556 GC heap before
{Heap before GC invocations=37 (full 0):
 garbage-first heap   total 398336K, used 281551K [0x0000000080000000, 0x0000000100000000)
  region size 1024K, 150 young (153600K), 2 survivors (2048K)
 Metaspace       used 122012K, capacity 125933K, committed 126080K, reserved 1159168K
  class space    used 15131K, capacity 16505K, committed 16512K, reserved 1048576K
}
Event: 1246.566 GC heap after
{Heap after GC invocations=38 (full 0):
 garbage-first heap   total 398336K, used 140356K [0x0000000080000000, 0x0000000100000000)
  region size 1024K, 11 young (11264K), 11 survivors (11264K)
 Metaspace       used 122012K, capacity 125933K, committed 126080K, reserved 1159168K
  class space    used 15131K, capacity 16505K, committed 16512K, reserved 1048576K
}
Event: 1958.366 GC heap before
{Heap before GC invocations=38 (full 0):
 garbage-first heap   total 398336K, used 311364K [0x0000000080000000, 0x0000000100000000)
  region size 1024K, 162 young (165888K), 11 survivors (11264K)
 Metaspace       used 126156K, capacity 130357K, committed 130432K, reserved 1163264K
  class space    used 15588K, capacity 16982K, committed 17024K, reserved 1048576K
}
Event: 1958.383 GC heap after
{Heap after GC invocations=39 (full 0):
 garbage-first heap   total 398336K, used 148394K [0x0000000080000000, 0x0000000100000000)
  region size 1024K, 19 young (19456K), 19 survivors (19456K)
 Metaspace       used 126156K, capacity 130357K, committed 130432K, reserved 1163264K
  class space    used 15588K, capacity 16982K, committed 17024K, reserved 1048576K
}
Event: 1962.118 GC heap before
{Heap before GC invocations=39 (full 0):
 garbage-first heap   total 398336K, used 304042K [0x0000000080000000, 0x0000000100000000)
  region size 1024K, 171 young (175104K), 19 survivors (19456K)
 Metaspace       used 131029K, capacity 135276K, committed 135424K, reserved 1167360K
  class space    used 16227K, capacity 17657K, committed 17664K, reserved 1048576K
}
Event: 1962.138 GC heap after
{Heap after GC invocations=40 (full 0):
 garbage-first heap   total 398336K, used 155358K [0x0000000080000000, 0x0000000100000000)
  region size 1024K, 15 young (15360K), 15 survivors (15360K)
 Metaspace       used 131029K, capacity 135276K, committed 135424K, reserved 1167360K
  class space    used 16227K, capacity 17657K, committed 17664K, reserved 1048576K
}

